2024-09-01 09:52:18,300 [INFO] WebApp:189 - Connection lost
2024-09-01 09:52:28,698 [INFO] WebApp:186 - Connection restablished
2024-09-01 10:51:53,085 [INFO] UtilMem:75 - End SaveConfig() Used Memory: 416420904 Bytes (685768704)
2024-09-01 10:51:55,466 [INFO] UtilMem:75 - End SaveConfig() Used Memory: 495724152 Bytes (685768704)
2024-09-01 10:51:55,614 [INFO] UtilMem:75 - End SaveConfig() Used Memory: 536878728 Bytes (685768704)
2024-09-01 10:51:55,694 [INFO] BlockDiagram:2766 - set Specific Code input for plugin: NVIC
2024-09-01 10:51:55,694 [INFO] BlockDiagram:2766 - set Specific Code input for plugin: USART
2024-09-01 10:51:55,694 [INFO] BlockDiagram:2766 - set Specific Code input for plugin: SYS
2024-09-01 10:51:55,694 [INFO] BlockDiagram:2766 - set Specific Code input for plugin: GPIO
2024-09-01 10:51:55,694 [INFO] BlockDiagram:2766 - set Specific Code input for plugin: RCC
2024-09-01 10:51:55,694 [INFO] CodeGenerator:807 - code generatio: config db path: /home/deividas/Programs/STM32CubeIDE/plugins/com.st.stm32cube.common.mx_6.12.0.202406281431//db/
2024-09-01 10:51:55,780 [INFO] CodeEngine:255 - oldGeneratedFile, /home/deividas/School/Prog/MKLabbar/Lab0_Hello_Blinky/MikrodatorteknikTMIK13/lab0_blinkf/MXTmpFiles/license.tmp_save
2024-09-01 10:51:55,918 [INFO] CodeEngine:279 - Generated code: /home/deividas/School/Prog/MKLabbar/Lab0_Hello_Blinky/MikrodatorteknikTMIK13/lab0_blinkf/MXTmpFiles/license.tmp
2024-09-01 10:51:55,931 [INFO] CodeEngine:255 - oldGeneratedFile, /home/deividas/School/Prog/MKLabbar/Lab0_Hello_Blinky/MikrodatorteknikTMIK13/lab0_blinkf/MXTmpFiles/gpio.tmp_save
2024-09-01 10:51:56,016 [INFO] CodeEngine:279 - Generated code: /home/deividas/School/Prog/MKLabbar/Lab0_Hello_Blinky/MikrodatorteknikTMIK13/lab0_blinkf/MXTmpFiles/gpio.tmp
2024-09-01 10:51:56,082 [INFO] CodeEngine:255 - oldGeneratedFile, /home/deividas/School/Prog/MKLabbar/Lab0_Hello_Blinky/MikrodatorteknikTMIK13/lab0_blinkf/Core/Src/stm32f4xx_it.c_save
2024-09-01 10:51:56,277 [INFO] CodeEngine:279 - Generated code: /home/deividas/School/Prog/MKLabbar/Lab0_Hello_Blinky/MikrodatorteknikTMIK13/lab0_blinkf/Core/Src/stm32f4xx_it.c
2024-09-01 10:51:56,278 [INFO] CodeEngine:255 - oldGeneratedFile, /home/deividas/School/Prog/MKLabbar/Lab0_Hello_Blinky/MikrodatorteknikTMIK13/lab0_blinkf/Core/Inc/stm32f4xx_it.h_save
2024-09-01 10:51:56,333 [INFO] CodeEngine:279 - Generated code: /home/deividas/School/Prog/MKLabbar/Lab0_Hello_Blinky/MikrodatorteknikTMIK13/lab0_blinkf/Core/Inc/stm32f4xx_it.h
2024-09-01 10:51:56,337 [INFO] CodeEngine:255 - oldGeneratedFile, /home/deividas/School/Prog/MKLabbar/Lab0_Hello_Blinky/MikrodatorteknikTMIK13/lab0_blinkf/Core/Src/stm32f4xx_hal_msp.c_save
2024-09-01 10:51:56,431 [INFO] CodeEngine:279 - Generated code: /home/deividas/School/Prog/MKLabbar/Lab0_Hello_Blinky/MikrodatorteknikTMIK13/lab0_blinkf/Core/Src/stm32f4xx_hal_msp.c
2024-09-01 10:51:56,432 [INFO] CodeEngine:255 - oldGeneratedFile, /home/deividas/School/Prog/MKLabbar/Lab0_Hello_Blinky/MikrodatorteknikTMIK13/lab0_blinkf/MXTmpFiles/system.tmp_save
2024-09-01 10:51:56,483 [INFO] CodeEngine:279 - Generated code: /home/deividas/School/Prog/MKLabbar/Lab0_Hello_Blinky/MikrodatorteknikTMIK13/lab0_blinkf/MXTmpFiles/system.tmp
2024-09-01 10:51:56,485 [INFO] CodeEngine:311 - oldGeneratedFile, /home/deividas/School/Prog/MKLabbar/Lab0_Hello_Blinky/MikrodatorteknikTMIK13/lab0_blinkf/Core/Inc/stm32f4xx_hal_conf.h_save
2024-09-01 10:51:56,544 [INFO] CodeEngine:335 - Generated code: /home/deividas/School/Prog/MKLabbar/Lab0_Hello_Blinky/MikrodatorteknikTMIK13/lab0_blinkf/Core/Inc/stm32f4xx_hal_conf.h
2024-09-01 10:51:56,567 [INFO] CodeEngine:255 - oldGeneratedFile, /home/deividas/School/Prog/MKLabbar/Lab0_Hello_Blinky/MikrodatorteknikTMIK13/lab0_blinkf/Core/Inc/main.h_save
2024-09-01 10:51:56,648 [INFO] CodeEngine:279 - Generated code: /home/deividas/School/Prog/MKLabbar/Lab0_Hello_Blinky/MikrodatorteknikTMIK13/lab0_blinkf/Core/Inc/main.h
2024-09-01 10:51:56,649 [INFO] CodeEngine:255 - oldGeneratedFile, /home/deividas/School/Prog/MKLabbar/Lab0_Hello_Blinky/MikrodatorteknikTMIK13/lab0_blinkf/Core/Src/main.c_save
2024-09-01 10:51:56,732 [INFO] CodeEngine:279 - Generated code: /home/deividas/School/Prog/MKLabbar/Lab0_Hello_Blinky/MikrodatorteknikTMIK13/lab0_blinkf/Core/Src/main.c
2024-09-01 10:51:57,000 [INFO] ProjectBuilder:3249 - Time for Copy HAL[1] : 15mS.
2024-09-01 10:51:57,002 [INFO] ProjectBuilder:4828 - Project Generator version: 4.4.0-B60
2024-09-01 10:51:57,069 [INFO] ConfigFileManager:1531 - The Die is : DIE433
2024-09-01 10:51:57,773 [INFO] ProjectBuilder:5097 - Time for Generating toolchain IDE Files: 771mS.
2024-09-01 10:51:57,773 [INFO] ProjectBuilder:3107 - Time for Copy CMSIS : 0mS.
2024-09-01 10:51:57,774 [INFO] ProjectBuilder:3107 - Time for Copy CMSIS : 0mS.
2024-09-01 11:01:35,290 [INFO] MainUpdater:2873 - connection check result : 10
2024-09-01 11:01:35,291 [INFO] WebApp:448 - Apply proxy settings
2024-09-01 11:01:35,292 [INFO] WebApp:533 - Chromium requires no authentication
2024-09-01 11:01:35,292 [INFO] WebApp:476 - Direct internet connection detected
2024-09-01 11:01:35,292 [INFO] WebApp:448 - Apply proxy settings
2024-09-01 11:01:35,292 [INFO] WebApp:533 - Chromium requires no authentication
2024-09-01 11:01:35,293 [INFO] WebApp:476 - Direct internet connection detected
2024-09-01 11:01:35,293 [INFO] WebApp:370 - Starting web application
2024-09-01 11:01:35,293 [INFO] WebApp:578 - Web application path used /home/deividas/Programs/STM32CubeIDE/plugins/com.st.stm32cube.common.mx_6.12.0.202406281431/db/plugins/mcufinder/reactClient1/index.html
2024-09-01 11:01:35,331 [INFO] UserAuth:417 - Internet connection configuration mode: 1
